GowinSynthesis start
Running parser ...
Analyzing Verilog file 'C:\Git\TangPrimer20K_LUT-Network\mega138K_pro\src\MnistLutSimple.v'
Analyzing Verilog file 'C:\Git\TangPrimer20K_LUT-Network\mega138K_pro\src\cmos_8_16bit.v'
Analyzing Verilog file 'C:\Git\TangPrimer20K_LUT-Network\mega138K_pro\src\ddr3_memory_interface\DDR3MI_400M.v'
Analyzing Verilog file 'C:\Git\TangPrimer20K_LUT-Network\mega138K_pro\src\dvi_tx\DVI_TX_Top.v'
Analyzing Verilog file 'C:\Git\TangPrimer20K_LUT-Network\mega138K_pro\src\fifo_hs\video_fifo.v'
Analyzing Verilog file 'C:\Git\TangPrimer20K_LUT-Network\mega138K_pro\src\gowin_pll\gowin_pll.v'
Analyzing Verilog file 'C:\Git\TangPrimer20K_LUT-Network\mega138K_pro\src\gowin_pll\gowin_pll_dvi.v'
Analyzing Verilog file 'C:\Git\TangPrimer20K_LUT-Network\mega138K_pro\src\i2c_master\i2c_config.v'
Analyzing Verilog file 'C:\Git\TangPrimer20K_LUT-Network\mega138K_pro\src\i2c_master\i2c_master_bit_ctrl.v'
Analyzing included file 'C:\Git\TangPrimer20K_LUT-Network\mega138K_pro\src\i2c_master\i2c_master_defines.v'("C:\Git\TangPrimer20K_LUT-Network\mega138K_pro\src\i2c_master\i2c_master_bit_ctrl.v":141)
Back to file 'C:\Git\TangPrimer20K_LUT-Network\mega138K_pro\src\i2c_master\i2c_master_bit_ctrl.v'("C:\Git\TangPrimer20K_LUT-Network\mega138K_pro\src\i2c_master\i2c_master_bit_ctrl.v":141)
Analyzing Verilog file 'C:\Git\TangPrimer20K_LUT-Network\mega138K_pro\src\i2c_master\i2c_master_byte_ctrl.v'
Analyzing included file 'C:\Git\TangPrimer20K_LUT-Network\mega138K_pro\src\i2c_master\i2c_master_defines.v'("C:\Git\TangPrimer20K_LUT-Network\mega138K_pro\src\i2c_master\i2c_master_byte_ctrl.v":73)
Back to file 'C:\Git\TangPrimer20K_LUT-Network\mega138K_pro\src\i2c_master\i2c_master_byte_ctrl.v'("C:\Git\TangPrimer20K_LUT-Network\mega138K_pro\src\i2c_master\i2c_master_byte_ctrl.v":73)
Analyzing Verilog file 'C:\Git\TangPrimer20K_LUT-Network\mega138K_pro\src\i2c_master\i2c_master_defines.v'
Analyzing Verilog file 'C:\Git\TangPrimer20K_LUT-Network\mega138K_pro\src\i2c_master\i2c_master_top.v'
Analyzing Verilog file 'C:\Git\TangPrimer20K_LUT-Network\mega138K_pro\src\i2c_master\timescale.v'
Analyzing Verilog file 'C:\Git\TangPrimer20K_LUT-Network\mega138K_pro\src\lut_ov5640_rgb565_480_272.v'
Analyzing Verilog file 'C:\Git\TangPrimer20K_LUT-Network\mega138K_pro\src\top.v'
Analyzing Verilog file 'C:\Git\TangPrimer20K_LUT-Network\mega138K_pro\src\vga_timing.v'
Analyzing Verilog file 'C:\Git\TangPrimer20K_LUT-Network\mega138K_pro\src\video_frame_buffer\Video_Frame_Buffer_Top.v'
WARN  (EX3073) : Port 'active_x' remains unconnected for this instance("C:\Git\TangPrimer20K_LUT-Network\mega138K_pro\src\top.v":221)
Compiling module 'top'("C:\Git\TangPrimer20K_LUT-Network\mega138K_pro\src\top.v":3)
WARN  (EX3791) : Expression size 6 truncated to fit in target size 5("C:\Git\TangPrimer20K_LUT-Network\mega138K_pro\src\top.v":89)
Compiling module 'Gowin_PLL'("C:\Git\TangPrimer20K_LUT-Network\mega138K_pro\src\gowin_pll\gowin_pll.v":10)
Compiling module 'i2c_config'("C:\Git\TangPrimer20K_LUT-Network\mega138K_pro\src\i2c_master\i2c_config.v":1)
Compiling module 'i2c_master_top'("C:\Git\TangPrimer20K_LUT-Network\mega138K_pro\src\i2c_master\i2c_master_top.v":1)
Compiling module 'i2c_master_byte_ctrl'("C:\Git\TangPrimer20K_LUT-Network\mega138K_pro\src\i2c_master\i2c_master_byte_ctrl.v":75)
Compiling module 'i2c_master_bit_ctrl'("C:\Git\TangPrimer20K_LUT-Network\mega138K_pro\src\i2c_master\i2c_master_bit_ctrl.v":143)
WARN  (EX2629) : Delay control is not supported for synthesis("C:\Git\TangPrimer20K_LUT-Network\mega138K_pro\src\i2c_master\i2c_master_bit_ctrl.v":194)
WARN  (EX2629) : Delay control is not supported for synthesis("C:\Git\TangPrimer20K_LUT-Network\mega138K_pro\src\i2c_master\i2c_master_bit_ctrl.v":211)
WARN  (EX2629) : Delay control is not supported for synthesis("C:\Git\TangPrimer20K_LUT-Network\mega138K_pro\src\i2c_master\i2c_master_bit_ctrl.v":212)
WARN  (EX2629) : Delay control is not supported for synthesis("C:\Git\TangPrimer20K_LUT-Network\mega138K_pro\src\i2c_master\i2c_master_bit_ctrl.v":216)
WARN  (EX2629) : Delay control is not supported for synthesis("C:\Git\TangPrimer20K_LUT-Network\mega138K_pro\src\i2c_master\i2c_master_bit_ctrl.v":217)
WARN  (EX2629) : Delay control is not supported for synthesis("C:\Git\TangPrimer20K_LUT-Network\mega138K_pro\src\i2c_master\i2c_master_bit_ctrl.v":221)
WARN  (EX2629) : Delay control is not supported for synthesis("C:\Git\TangPrimer20K_LUT-Network\mega138K_pro\src\i2c_master\i2c_master_bit_ctrl.v":222)
WARN  (EX2629) : Delay control is not supported for synthesis("C:\Git\TangPrimer20K_LUT-Network\mega138K_pro\src\i2c_master\i2c_master_bit_ctrl.v":226)
WARN  (EX2629) : Delay control is not supported for synthesis("C:\Git\TangPrimer20K_LUT-Network\mega138K_pro\src\i2c_master\i2c_master_bit_ctrl.v":227)
WARN  (EX2629) : Delay control is not supported for synthesis("C:\Git\TangPrimer20K_LUT-Network\mega138K_pro\src\i2c_master\i2c_master_bit_ctrl.v":238)
WARN  (EX2629) : Delay control is not supported for synthesis("C:\Git\TangPrimer20K_LUT-Network\mega138K_pro\src\i2c_master\i2c_master_bit_ctrl.v":239)
WARN  (EX2629) : Delay control is not supported for synthesis("C:\Git\TangPrimer20K_LUT-Network\mega138K_pro\src\i2c_master\i2c_master_bit_ctrl.v":243)
WARN  (EX2629) : Delay control is not supported for synthesis("C:\Git\TangPrimer20K_LUT-Network\mega138K_pro\src\i2c_master\i2c_master_bit_ctrl.v":244)
WARN  (EX3791) : Expression size 32 truncated to fit in target size 14("C:\Git\TangPrimer20K_LUT-Network\mega138K_pro\src\i2c_master\i2c_master_bit_ctrl.v":258)
WARN  (EX2629) : Delay control is not supported for synthesis("C:\Git\TangPrimer20K_LUT-Network\mega138K_pro\src\i2c_master\i2c_master_bit_ctrl.v":283)
WARN  (EX2629) : Delay control is not supported for synthesis("C:\Git\TangPrimer20K_LUT-Network\mega138K_pro\src\i2c_master\i2c_master_bit_ctrl.v":284)
WARN  (EX2629) : Delay control is not supported for synthesis("C:\Git\TangPrimer20K_LUT-Network\mega138K_pro\src\i2c_master\i2c_master_bit_ctrl.v":286)
WARN  (EX2629) : Delay control is not supported for synthesis("C:\Git\TangPrimer20K_LUT-Network\mega138K_pro\src\i2c_master\i2c_master_bit_ctrl.v":287)
WARN  (EX2629) : Delay control is not supported for synthesis("C:\Git\TangPrimer20K_LUT-Network\mega138K_pro\src\i2c_master\i2c_master_bit_ctrl.v":291)
WARN  (EX2629) : Delay control is not supported for synthesis("C:\Git\TangPrimer20K_LUT-Network\mega138K_pro\src\i2c_master\i2c_master_bit_ctrl.v":292)
WARN  (EX2629) : Delay control is not supported for synthesis("C:\Git\TangPrimer20K_LUT-Network\mega138K_pro\src\i2c_master\i2c_master_bit_ctrl.v":294)
WARN  (EX2629) : Delay control is not supported for synthesis("C:\Git\TangPrimer20K_LUT-Network\mega138K_pro\src\i2c_master\i2c_master_bit_ctrl.v":295)
WARN  (EX2629) : Delay control is not supported for synthesis("C:\Git\TangPrimer20K_LUT-Network\mega138K_pro\src\i2c_master\i2c_master_bit_ctrl.v":299)
WARN  (EX2629) : Delay control is not supported for synthesis("C:\Git\TangPrimer20K_LUT-Network\mega138K_pro\src\i2c_master\i2c_master_bit_ctrl.v":300)
WARN  (EX2629) : Delay control is not supported for synthesis("C:\Git\TangPrimer20K_LUT-Network\mega138K_pro\src\i2c_master\i2c_master_bit_ctrl.v":302)
WARN  (EX2629) : Delay control is not supported for synthesis("C:\Git\TangPrimer20K_LUT-Network\mega138K_pro\src\i2c_master\i2c_master_bit_ctrl.v":303)
WARN  (EX2629) : Delay control is not supported for synthesis("C:\Git\TangPrimer20K_LUT-Network\mega138K_pro\src\i2c_master\i2c_master_bit_ctrl.v":313)
WARN  (EX2629) : Delay control is not supported for synthesis("C:\Git\TangPrimer20K_LUT-Network\mega138K_pro\src\i2c_master\i2c_master_bit_ctrl.v":314)
WARN  (EX2629) : Delay control is not supported for synthesis("C:\Git\TangPrimer20K_LUT-Network\mega138K_pro\src\i2c_master\i2c_master_bit_ctrl.v":318)
WARN  (EX2629) : Delay control is not supported for synthesis("C:\Git\TangPrimer20K_LUT-Network\mega138K_pro\src\i2c_master\i2c_master_bit_ctrl.v":319)
WARN  (EX2629) : Delay control is not supported for synthesis("C:\Git\TangPrimer20K_LUT-Network\mega138K_pro\src\i2c_master\i2c_master_bit_ctrl.v":323)
WARN  (EX2629) : Delay control is not supported for synthesis("C:\Git\TangPrimer20K_LUT-Network\mega138K_pro\src\i2c_master\i2c_master_bit_ctrl.v":324)
WARN  (EX2629) : Delay control is not supported for synthesis("C:\Git\TangPrimer20K_LUT-Network\mega138K_pro\src\i2c_master\i2c_master_bit_ctrl.v":330)
WARN  (EX2629) : Delay control is not supported for synthesis("C:\Git\TangPrimer20K_LUT-Network\mega138K_pro\src\i2c_master\i2c_master_bit_ctrl.v":331)
WARN  (EX2629) : Delay control is not supported for synthesis("C:\Git\TangPrimer20K_LUT-Network\mega138K_pro\src\i2c_master\i2c_master_bit_ctrl.v":332)
WARN  (EX2629) : Delay control is not supported for synthesis("C:\Git\TangPrimer20K_LUT-Network\mega138K_pro\src\i2c_master\i2c_master_bit_ctrl.v":342)
WARN  (EX2629) : Delay control is not supported for synthesis("C:\Git\TangPrimer20K_LUT-Network\mega138K_pro\src\i2c_master\i2c_master_bit_ctrl.v":344)
WARN  (EX2629) : Delay control is not supported for synthesis("C:\Git\TangPrimer20K_LUT-Network\mega138K_pro\src\i2c_master\i2c_master_bit_ctrl.v":346)
WARN  (EX2629) : Delay control is not supported for synthesis("C:\Git\TangPrimer20K_LUT-Network\mega138K_pro\src\i2c_master\i2c_master_bit_ctrl.v":350)
WARN  (EX2629) : Delay control is not supported for synthesis("C:\Git\TangPrimer20K_LUT-Network\mega138K_pro\src\i2c_master\i2c_master_bit_ctrl.v":352)
WARN  (EX2629) : Delay control is not supported for synthesis("C:\Git\TangPrimer20K_LUT-Network\mega138K_pro\src\i2c_master\i2c_master_bit_ctrl.v":354)
WARN  (EX2629) : Delay control is not supported for synthesis("C:\Git\TangPrimer20K_LUT-Network\mega138K_pro\src\i2c_master\i2c_master_bit_ctrl.v":359)
WARN  (EX2629) : Delay control is not supported for synthesis("C:\Git\TangPrimer20K_LUT-Network\mega138K_pro\src\i2c_master\i2c_master_bit_ctrl.v":387)
WARN  (EX2629) : Delay control is not supported for synthesis("C:\Git\TangPrimer20K_LUT-Network\mega138K_pro\src\i2c_master\i2c_master_bit_ctrl.v":388)
WARN  (EX2629) : Delay control is not supported for synthesis("C:\Git\TangPrimer20K_LUT-Network\mega138K_pro\src\i2c_master\i2c_master_bit_ctrl.v":389)
WARN  (EX2629) : Delay control is not supported for synthesis("C:\Git\TangPrimer20K_LUT-Network\mega138K_pro\src\i2c_master\i2c_master_bit_ctrl.v":390)
WARN  (EX2629) : Delay control is not supported for synthesis("C:\Git\TangPrimer20K_LUT-Network\mega138K_pro\src\i2c_master\i2c_master_bit_ctrl.v":391)
WARN  (EX2629) : Delay control is not supported for synthesis("C:\Git\TangPrimer20K_LUT-Network\mega138K_pro\src\i2c_master\i2c_master_bit_ctrl.v":395)
WARN  (EX2629) : Delay control is not supported for synthesis("C:\Git\TangPrimer20K_LUT-Network\mega138K_pro\src\i2c_master\i2c_master_bit_ctrl.v":396)
WARN  (EX2629) : Delay control is not supported for synthesis("C:\Git\TangPrimer20K_LUT-Network\mega138K_pro\src\i2c_master\i2c_master_bit_ctrl.v":397)
WARN  (EX2629) : Delay control is not supported for synthesis("C:\Git\TangPrimer20K_LUT-Network\mega138K_pro\src\i2c_master\i2c_master_bit_ctrl.v":398)
WARN  (EX2629) : Delay control is not supported for synthesis("C:\Git\TangPrimer20K_LUT-Network\mega138K_pro\src\i2c_master\i2c_master_bit_ctrl.v":399)
WARN  (EX2629) : Delay control is not supported for synthesis("C:\Git\TangPrimer20K_LUT-Network\mega138K_pro\src\i2c_master\i2c_master_bit_ctrl.v":403)
WARN  (EX2629) : Delay control is not supported for synthesis("C:\Git\TangPrimer20K_LUT-Network\mega138K_pro\src\i2c_master\i2c_master_bit_ctrl.v":411)
WARN  (EX2629) : Delay control is not supported for synthesis("C:\Git\TangPrimer20K_LUT-Network\mega138K_pro\src\i2c_master\i2c_master_bit_ctrl.v":412)
WARN  (EX2629) : Delay control is not supported for synthesis("C:\Git\TangPrimer20K_LUT-Network\mega138K_pro\src\i2c_master\i2c_master_bit_ctrl.v":413)
WARN  (EX2629) : Delay control is not supported for synthesis("C:\Git\TangPrimer20K_LUT-Network\mega138K_pro\src\i2c_master\i2c_master_bit_ctrl.v":414)
WARN  (EX2629) : Delay control is not supported for synthesis("C:\Git\TangPrimer20K_LUT-Network\mega138K_pro\src\i2c_master\i2c_master_bit_ctrl.v":415)
WARN  (EX2629) : Delay control is not supported for synthesis("C:\Git\TangPrimer20K_LUT-Network\mega138K_pro\src\i2c_master\i2c_master_bit_ctrl.v":418)
WARN  (EX2629) : Delay control is not supported for synthesis("C:\Git\TangPrimer20K_LUT-Network\mega138K_pro\src\i2c_master\i2c_master_bit_ctrl.v":419)
WARN  (EX2629) : Delay control is not supported for synthesis("C:\Git\TangPrimer20K_LUT-Network\mega138K_pro\src\i2c_master\i2c_master_bit_ctrl.v":420)
WARN  (EX2629) : Delay control is not supported for synthesis("C:\Git\TangPrimer20K_LUT-Network\mega138K_pro\src\i2c_master\i2c_master_bit_ctrl.v":426)
WARN  (EX2629) : Delay control is not supported for synthesis("C:\Git\TangPrimer20K_LUT-Network\mega138K_pro\src\i2c_master\i2c_master_bit_ctrl.v":427)
WARN  (EX2629) : Delay control is not supported for synthesis("C:\Git\TangPrimer20K_LUT-Network\mega138K_pro\src\i2c_master\i2c_master_bit_ctrl.v":428)
WARN  (EX2629) : Delay control is not supported for synthesis("C:\Git\TangPrimer20K_LUT-Network\mega138K_pro\src\i2c_master\i2c_master_bit_ctrl.v":429)
WARN  (EX2629) : Delay control is not supported for synthesis("C:\Git\TangPrimer20K_LUT-Network\mega138K_pro\src\i2c_master\i2c_master_bit_ctrl.v":434)
WARN  (EX2629) : Delay control is not supported for synthesis("C:\Git\TangPrimer20K_LUT-Network\mega138K_pro\src\i2c_master\i2c_master_bit_ctrl.v":435)
WARN  (EX2629) : Delay control is not supported for synthesis("C:\Git\TangPrimer20K_LUT-Network\mega138K_pro\src\i2c_master\i2c_master_bit_ctrl.v":436)
WARN  (EX2629) : Delay control is not supported for synthesis("C:\Git\TangPrimer20K_LUT-Network\mega138K_pro\src\i2c_master\i2c_master_bit_ctrl.v":437)
WARN  (EX2629) : Delay control is not supported for synthesis("C:\Git\TangPrimer20K_LUT-Network\mega138K_pro\src\i2c_master\i2c_master_bit_ctrl.v":442)
WARN  (EX2629) : Delay control is not supported for synthesis("C:\Git\TangPrimer20K_LUT-Network\mega138K_pro\src\i2c_master\i2c_master_bit_ctrl.v":443)
WARN  (EX2629) : Delay control is not supported for synthesis("C:\Git\TangPrimer20K_LUT-Network\mega138K_pro\src\i2c_master\i2c_master_bit_ctrl.v":444)
WARN  (EX2629) : Delay control is not supported for synthesis("C:\Git\TangPrimer20K_LUT-Network\mega138K_pro\src\i2c_master\i2c_master_bit_ctrl.v":445)
WARN  (EX2629) : Delay control is not supported for synthesis("C:\Git\TangPrimer20K_LUT-Network\mega138K_pro\src\i2c_master\i2c_master_bit_ctrl.v":450)
WARN  (EX2629) : Delay control is not supported for synthesis("C:\Git\TangPrimer20K_LUT-Network\mega138K_pro\src\i2c_master\i2c_master_bit_ctrl.v":451)
WARN  (EX2629) : Delay control is not supported for synthesis("C:\Git\TangPrimer20K_LUT-Network\mega138K_pro\src\i2c_master\i2c_master_bit_ctrl.v":452)
WARN  (EX2629) : Delay control is not supported for synthesis("C:\Git\TangPrimer20K_LUT-Network\mega138K_pro\src\i2c_master\i2c_master_bit_ctrl.v":453)
WARN  (EX2629) : Delay control is not supported for synthesis("C:\Git\TangPrimer20K_LUT-Network\mega138K_pro\src\i2c_master\i2c_master_bit_ctrl.v":458)
WARN  (EX2629) : Delay control is not supported for synthesis("C:\Git\TangPrimer20K_LUT-Network\mega138K_pro\src\i2c_master\i2c_master_bit_ctrl.v":459)
WARN  (EX2629) : Delay control is not supported for synthesis("C:\Git\TangPrimer20K_LUT-Network\mega138K_pro\src\i2c_master\i2c_master_bit_ctrl.v":460)
WARN  (EX2629) : Delay control is not supported for synthesis("C:\Git\TangPrimer20K_LUT-Network\mega138K_pro\src\i2c_master\i2c_master_bit_ctrl.v":461)
WARN  (EX2629) : Delay control is not supported for synthesis("C:\Git\TangPrimer20K_LUT-Network\mega138K_pro\src\i2c_master\i2c_master_bit_ctrl.v":462)
WARN  (EX2629) : Delay control is not supported for synthesis("C:\Git\TangPrimer20K_LUT-Network\mega138K_pro\src\i2c_master\i2c_master_bit_ctrl.v":468)
WARN  (EX2629) : Delay control is not supported for synthesis("C:\Git\TangPrimer20K_LUT-Network\mega138K_pro\src\i2c_master\i2c_master_bit_ctrl.v":469)
WARN  (EX2629) : Delay control is not supported for synthesis("C:\Git\TangPrimer20K_LUT-Network\mega138K_pro\src\i2c_master\i2c_master_bit_ctrl.v":470)
WARN  (EX2629) : Delay control is not supported for synthesis("C:\Git\TangPrimer20K_LUT-Network\mega138K_pro\src\i2c_master\i2c_master_bit_ctrl.v":471)
WARN  (EX2629) : Delay control is not supported for synthesis("C:\Git\TangPrimer20K_LUT-Network\mega138K_pro\src\i2c_master\i2c_master_bit_ctrl.v":476)
WARN  (EX2629) : Delay control is not supported for synthesis("C:\Git\TangPrimer20K_LUT-Network\mega138K_pro\src\i2c_master\i2c_master_bit_ctrl.v":477)
WARN  (EX2629) : Delay control is not supported for synthesis("C:\Git\TangPrimer20K_LUT-Network\mega138K_pro\src\i2c_master\i2c_master_bit_ctrl.v":478)
WARN  (EX2629) : Delay control is not supported for synthesis("C:\Git\TangPrimer20K_LUT-Network\mega138K_pro\src\i2c_master\i2c_master_bit_ctrl.v":479)
WARN  (EX2629) : Delay control is not supported for synthesis("C:\Git\TangPrimer20K_LUT-Network\mega138K_pro\src\i2c_master\i2c_master_bit_ctrl.v":484)
WARN  (EX2629) : Delay control is not supported for synthesis("C:\Git\TangPrimer20K_LUT-Network\mega138K_pro\src\i2c_master\i2c_master_bit_ctrl.v":485)
WARN  (EX2629) : Delay control is not supported for synthesis("C:\Git\TangPrimer20K_LUT-Network\mega138K_pro\src\i2c_master\i2c_master_bit_ctrl.v":486)
WARN  (EX2629) : Delay control is not supported for synthesis("C:\Git\TangPrimer20K_LUT-Network\mega138K_pro\src\i2c_master\i2c_master_bit_ctrl.v":487)
WARN  (EX2629) : Delay control is not supported for synthesis("C:\Git\TangPrimer20K_LUT-Network\mega138K_pro\src\i2c_master\i2c_master_bit_ctrl.v":492)
WARN  (EX2629) : Delay control is not supported for synthesis("C:\Git\TangPrimer20K_LUT-Network\mega138K_pro\src\i2c_master\i2c_master_bit_ctrl.v":493)
WARN  (EX2629) : Delay control is not supported for synthesis("C:\Git\TangPrimer20K_LUT-Network\mega138K_pro\src\i2c_master\i2c_master_bit_ctrl.v":494)
WARN  (EX2629) : Delay control is not supported for synthesis("C:\Git\TangPrimer20K_LUT-Network\mega138K_pro\src\i2c_master\i2c_master_bit_ctrl.v":495)
WARN  (EX2629) : Delay control is not supported for synthesis("C:\Git\TangPrimer20K_LUT-Network\mega138K_pro\src\i2c_master\i2c_master_bit_ctrl.v":496)
WARN  (EX2629) : Delay control is not supported for synthesis("C:\Git\TangPrimer20K_LUT-Network\mega138K_pro\src\i2c_master\i2c_master_bit_ctrl.v":502)
WARN  (EX2629) : Delay control is not supported for synthesis("C:\Git\TangPrimer20K_LUT-Network\mega138K_pro\src\i2c_master\i2c_master_bit_ctrl.v":503)
WARN  (EX2629) : Delay control is not supported for synthesis("C:\Git\TangPrimer20K_LUT-Network\mega138K_pro\src\i2c_master\i2c_master_bit_ctrl.v":504)
WARN  (EX2629) : Delay control is not supported for synthesis("C:\Git\TangPrimer20K_LUT-Network\mega138K_pro\src\i2c_master\i2c_master_bit_ctrl.v":505)
WARN  (EX2629) : Delay control is not supported for synthesis("C:\Git\TangPrimer20K_LUT-Network\mega138K_pro\src\i2c_master\i2c_master_bit_ctrl.v":510)
WARN  (EX2629) : Delay control is not supported for synthesis("C:\Git\TangPrimer20K_LUT-Network\mega138K_pro\src\i2c_master\i2c_master_bit_ctrl.v":511)
WARN  (EX2629) : Delay control is not supported for synthesis("C:\Git\TangPrimer20K_LUT-Network\mega138K_pro\src\i2c_master\i2c_master_bit_ctrl.v":512)
WARN  (EX2629) : Delay control is not supported for synthesis("C:\Git\TangPrimer20K_LUT-Network\mega138K_pro\src\i2c_master\i2c_master_bit_ctrl.v":513)
WARN  (EX2629) : Delay control is not supported for synthesis("C:\Git\TangPrimer20K_LUT-Network\mega138K_pro\src\i2c_master\i2c_master_bit_ctrl.v":518)
WARN  (EX2629) : Delay control is not supported for synthesis("C:\Git\TangPrimer20K_LUT-Network\mega138K_pro\src\i2c_master\i2c_master_bit_ctrl.v":519)
WARN  (EX2629) : Delay control is not supported for synthesis("C:\Git\TangPrimer20K_LUT-Network\mega138K_pro\src\i2c_master\i2c_master_bit_ctrl.v":520)
WARN  (EX2629) : Delay control is not supported for synthesis("C:\Git\TangPrimer20K_LUT-Network\mega138K_pro\src\i2c_master\i2c_master_bit_ctrl.v":521)
WARN  (EX2629) : Delay control is not supported for synthesis("C:\Git\TangPrimer20K_LUT-Network\mega138K_pro\src\i2c_master\i2c_master_bit_ctrl.v":526)
WARN  (EX2629) : Delay control is not supported for synthesis("C:\Git\TangPrimer20K_LUT-Network\mega138K_pro\src\i2c_master\i2c_master_bit_ctrl.v":527)
WARN  (EX2629) : Delay control is not supported for synthesis("C:\Git\TangPrimer20K_LUT-Network\mega138K_pro\src\i2c_master\i2c_master_bit_ctrl.v":528)
WARN  (EX2629) : Delay control is not supported for synthesis("C:\Git\TangPrimer20K_LUT-Network\mega138K_pro\src\i2c_master\i2c_master_bit_ctrl.v":529)
WARN  (EX2629) : Delay control is not supported for synthesis("C:\Git\TangPrimer20K_LUT-Network\mega138K_pro\src\i2c_master\i2c_master_bit_ctrl.v":530)
WARN  (EX2629) : Delay control is not supported for synthesis("C:\Git\TangPrimer20K_LUT-Network\mega138K_pro\src\i2c_master\i2c_master_bit_ctrl.v":536)
WARN  (EX2629) : Delay control is not supported for synthesis("C:\Git\TangPrimer20K_LUT-Network\mega138K_pro\src\i2c_master\i2c_master_bit_ctrl.v":537)
WARN  (EX2629) : Delay control is not supported for synthesis("C:\Git\TangPrimer20K_LUT-Network\mega138K_pro\src\i2c_master\i2c_master_bit_ctrl.v":538)
WARN  (EX2629) : Delay control is not supported for synthesis("C:\Git\TangPrimer20K_LUT-Network\mega138K_pro\src\i2c_master\i2c_master_bit_ctrl.v":539)
WARN  (EX2629) : Delay control is not supported for synthesis("C:\Git\TangPrimer20K_LUT-Network\mega138K_pro\src\i2c_master\i2c_master_bit_ctrl.v":544)
WARN  (EX2629) : Delay control is not supported for synthesis("C:\Git\TangPrimer20K_LUT-Network\mega138K_pro\src\i2c_master\i2c_master_bit_ctrl.v":545)
WARN  (EX2629) : Delay control is not supported for synthesis("C:\Git\TangPrimer20K_LUT-Network\mega138K_pro\src\i2c_master\i2c_master_bit_ctrl.v":546)
WARN  (EX2629) : Delay control is not supported for synthesis("C:\Git\TangPrimer20K_LUT-Network\mega138K_pro\src\i2c_master\i2c_master_bit_ctrl.v":547)
WARN  (EX2629) : Delay control is not supported for synthesis("C:\Git\TangPrimer20K_LUT-Network\mega138K_pro\src\i2c_master\i2c_master_bit_ctrl.v":553)
WARN  (EX2629) : Delay control is not supported for synthesis("C:\Git\TangPrimer20K_LUT-Network\mega138K_pro\src\i2c_master\i2c_master_bit_ctrl.v":554)
WARN  (EX2629) : Delay control is not supported for synthesis("C:\Git\TangPrimer20K_LUT-Network\mega138K_pro\src\i2c_master\i2c_master_bit_ctrl.v":555)
WARN  (EX2629) : Delay control is not supported for synthesis("C:\Git\TangPrimer20K_LUT-Network\mega138K_pro\src\i2c_master\i2c_master_bit_ctrl.v":556)
WARN  (EX2629) : Delay control is not supported for synthesis("C:\Git\TangPrimer20K_LUT-Network\mega138K_pro\src\i2c_master\i2c_master_bit_ctrl.v":561)
WARN  (EX2629) : Delay control is not supported for synthesis("C:\Git\TangPrimer20K_LUT-Network\mega138K_pro\src\i2c_master\i2c_master_bit_ctrl.v":562)
WARN  (EX2629) : Delay control is not supported for synthesis("C:\Git\TangPrimer20K_LUT-Network\mega138K_pro\src\i2c_master\i2c_master_bit_ctrl.v":563)
WARN  (EX2629) : Delay control is not supported for synthesis("C:\Git\TangPrimer20K_LUT-Network\mega138K_pro\src\i2c_master\i2c_master_bit_ctrl.v":564)
WARN  (EX2629) : Delay control is not supported for synthesis("C:\Git\TangPrimer20K_LUT-Network\mega138K_pro\src\i2c_master\i2c_master_bit_ctrl.v":565)
WARN  (EX3827) : Synthesis - simulation differences may occur when using full_case directive("C:\Git\TangPrimer20K_LUT-Network\mega138K_pro\src\i2c_master\i2c_master_bit_ctrl.v":406)
WARN  (EX2629) : Delay control is not supported for synthesis("C:\Git\TangPrimer20K_LUT-Network\mega138K_pro\src\i2c_master\i2c_master_byte_ctrl.v":175)
WARN  (EX2629) : Delay control is not supported for synthesis("C:\Git\TangPrimer20K_LUT-Network\mega138K_pro\src\i2c_master\i2c_master_byte_ctrl.v":177)
WARN  (EX2629) : Delay control is not supported for synthesis("C:\Git\TangPrimer20K_LUT-Network\mega138K_pro\src\i2c_master\i2c_master_byte_ctrl.v":179)
WARN  (EX2629) : Delay control is not supported for synthesis("C:\Git\TangPrimer20K_LUT-Network\mega138K_pro\src\i2c_master\i2c_master_byte_ctrl.v":181)
WARN  (EX2629) : Delay control is not supported for synthesis("C:\Git\TangPrimer20K_LUT-Network\mega138K_pro\src\i2c_master\i2c_master_byte_ctrl.v":186)
WARN  (EX2629) : Delay control is not supported for synthesis("C:\Git\TangPrimer20K_LUT-Network\mega138K_pro\src\i2c_master\i2c_master_byte_ctrl.v":188)
WARN  (EX2629) : Delay control is not supported for synthesis("C:\Git\TangPrimer20K_LUT-Network\mega138K_pro\src\i2c_master\i2c_master_byte_ctrl.v":190)
WARN  (EX2629) : Delay control is not supported for synthesis("C:\Git\TangPrimer20K_LUT-Network\mega138K_pro\src\i2c_master\i2c_master_byte_ctrl.v":192)
WARN  (EX2629) : Delay control is not supported for synthesis("C:\Git\TangPrimer20K_LUT-Network\mega138K_pro\src\i2c_master\i2c_master_byte_ctrl.v":204)
WARN  (EX2629) : Delay control is not supported for synthesis("C:\Git\TangPrimer20K_LUT-Network\mega138K_pro\src\i2c_master\i2c_master_byte_ctrl.v":205)
WARN  (EX2629) : Delay control is not supported for synthesis("C:\Git\TangPrimer20K_LUT-Network\mega138K_pro\src\i2c_master\i2c_master_byte_ctrl.v":206)
WARN  (EX2629) : Delay control is not supported for synthesis("C:\Git\TangPrimer20K_LUT-Network\mega138K_pro\src\i2c_master\i2c_master_byte_ctrl.v":207)
WARN  (EX2629) : Delay control is not supported for synthesis("C:\Git\TangPrimer20K_LUT-Network\mega138K_pro\src\i2c_master\i2c_master_byte_ctrl.v":208)
WARN  (EX2629) : Delay control is not supported for synthesis("C:\Git\TangPrimer20K_LUT-Network\mega138K_pro\src\i2c_master\i2c_master_byte_ctrl.v":209)
WARN  (EX2629) : Delay control is not supported for synthesis("C:\Git\TangPrimer20K_LUT-Network\mega138K_pro\src\i2c_master\i2c_master_byte_ctrl.v":210)
WARN  (EX2629) : Delay control is not supported for synthesis("C:\Git\TangPrimer20K_LUT-Network\mega138K_pro\src\i2c_master\i2c_master_byte_ctrl.v":214)
WARN  (EX2629) : Delay control is not supported for synthesis("C:\Git\TangPrimer20K_LUT-Network\mega138K_pro\src\i2c_master\i2c_master_byte_ctrl.v":215)
WARN  (EX2629) : Delay control is not supported for synthesis("C:\Git\TangPrimer20K_LUT-Network\mega138K_pro\src\i2c_master\i2c_master_byte_ctrl.v":216)
WARN  (EX2629) : Delay control is not supported for synthesis("C:\Git\TangPrimer20K_LUT-Network\mega138K_pro\src\i2c_master\i2c_master_byte_ctrl.v":217)
WARN  (EX2629) : Delay control is not supported for synthesis("C:\Git\TangPrimer20K_LUT-Network\mega138K_pro\src\i2c_master\i2c_master_byte_ctrl.v":218)
WARN  (EX2629) : Delay control is not supported for synthesis("C:\Git\TangPrimer20K_LUT-Network\mega138K_pro\src\i2c_master\i2c_master_byte_ctrl.v":219)
WARN  (EX2629) : Delay control is not supported for synthesis("C:\Git\TangPrimer20K_LUT-Network\mega138K_pro\src\i2c_master\i2c_master_byte_ctrl.v":220)
WARN  (EX2629) : Delay control is not supported for synthesis("C:\Git\TangPrimer20K_LUT-Network\mega138K_pro\src\i2c_master\i2c_master_byte_ctrl.v":225)
WARN  (EX2629) : Delay control is not supported for synthesis("C:\Git\TangPrimer20K_LUT-Network\mega138K_pro\src\i2c_master\i2c_master_byte_ctrl.v":226)
WARN  (EX2629) : Delay control is not supported for synthesis("C:\Git\TangPrimer20K_LUT-Network\mega138K_pro\src\i2c_master\i2c_master_byte_ctrl.v":227)
WARN  (EX2629) : Delay control is not supported for synthesis("C:\Git\TangPrimer20K_LUT-Network\mega138K_pro\src\i2c_master\i2c_master_byte_ctrl.v":228)
WARN  (EX2629) : Delay control is not supported for synthesis("C:\Git\TangPrimer20K_LUT-Network\mega138K_pro\src\i2c_master\i2c_master_byte_ctrl.v":236)
WARN  (EX2629) : Delay control is not supported for synthesis("C:\Git\TangPrimer20K_LUT-Network\mega138K_pro\src\i2c_master\i2c_master_byte_ctrl.v":237)
WARN  (EX2629) : Delay control is not supported for synthesis("C:\Git\TangPrimer20K_LUT-Network\mega138K_pro\src\i2c_master\i2c_master_byte_ctrl.v":241)
WARN  (EX2629) : Delay control is not supported for synthesis("C:\Git\TangPrimer20K_LUT-Network\mega138K_pro\src\i2c_master\i2c_master_byte_ctrl.v":242)
WARN  (EX2629) : Delay control is not supported for synthesis("C:\Git\TangPrimer20K_LUT-Network\mega138K_pro\src\i2c_master\i2c_master_byte_ctrl.v":246)
WARN  (EX2629) : Delay control is not supported for synthesis("C:\Git\TangPrimer20K_LUT-Network\mega138K_pro\src\i2c_master\i2c_master_byte_ctrl.v":247)
WARN  (EX2629) : Delay control is not supported for synthesis("C:\Git\TangPrimer20K_LUT-Network\mega138K_pro\src\i2c_master\i2c_master_byte_ctrl.v":251)
WARN  (EX2629) : Delay control is not supported for synthesis("C:\Git\TangPrimer20K_LUT-Network\mega138K_pro\src\i2c_master\i2c_master_byte_ctrl.v":252)
WARN  (EX2629) : Delay control is not supported for synthesis("C:\Git\TangPrimer20K_LUT-Network\mega138K_pro\src\i2c_master\i2c_master_byte_ctrl.v":255)
WARN  (EX2629) : Delay control is not supported for synthesis("C:\Git\TangPrimer20K_LUT-Network\mega138K_pro\src\i2c_master\i2c_master_byte_ctrl.v":263)
WARN  (EX2629) : Delay control is not supported for synthesis("C:\Git\TangPrimer20K_LUT-Network\mega138K_pro\src\i2c_master\i2c_master_byte_ctrl.v":264)
WARN  (EX2629) : Delay control is not supported for synthesis("C:\Git\TangPrimer20K_LUT-Network\mega138K_pro\src\i2c_master\i2c_master_byte_ctrl.v":268)
WARN  (EX2629) : Delay control is not supported for synthesis("C:\Git\TangPrimer20K_LUT-Network\mega138K_pro\src\i2c_master\i2c_master_byte_ctrl.v":269)
WARN  (EX2629) : Delay control is not supported for synthesis("C:\Git\TangPrimer20K_LUT-Network\mega138K_pro\src\i2c_master\i2c_master_byte_ctrl.v":272)
WARN  (EX2629) : Delay control is not supported for synthesis("C:\Git\TangPrimer20K_LUT-Network\mega138K_pro\src\i2c_master\i2c_master_byte_ctrl.v":279)
WARN  (EX2629) : Delay control is not supported for synthesis("C:\Git\TangPrimer20K_LUT-Network\mega138K_pro\src\i2c_master\i2c_master_byte_ctrl.v":280)
WARN  (EX2629) : Delay control is not supported for synthesis("C:\Git\TangPrimer20K_LUT-Network\mega138K_pro\src\i2c_master\i2c_master_byte_ctrl.v":284)
WARN  (EX2629) : Delay control is not supported for synthesis("C:\Git\TangPrimer20K_LUT-Network\mega138K_pro\src\i2c_master\i2c_master_byte_ctrl.v":285)
WARN  (EX2629) : Delay control is not supported for synthesis("C:\Git\TangPrimer20K_LUT-Network\mega138K_pro\src\i2c_master\i2c_master_byte_ctrl.v":286)
WARN  (EX2629) : Delay control is not supported for synthesis("C:\Git\TangPrimer20K_LUT-Network\mega138K_pro\src\i2c_master\i2c_master_byte_ctrl.v":294)
WARN  (EX2629) : Delay control is not supported for synthesis("C:\Git\TangPrimer20K_LUT-Network\mega138K_pro\src\i2c_master\i2c_master_byte_ctrl.v":295)
WARN  (EX2629) : Delay control is not supported for synthesis("C:\Git\TangPrimer20K_LUT-Network\mega138K_pro\src\i2c_master\i2c_master_byte_ctrl.v":299)
WARN  (EX2629) : Delay control is not supported for synthesis("C:\Git\TangPrimer20K_LUT-Network\mega138K_pro\src\i2c_master\i2c_master_byte_ctrl.v":300)
WARN  (EX2629) : Delay control is not supported for synthesis("C:\Git\TangPrimer20K_LUT-Network\mega138K_pro\src\i2c_master\i2c_master_byte_ctrl.v":303)
WARN  (EX2629) : Delay control is not supported for synthesis("C:\Git\TangPrimer20K_LUT-Network\mega138K_pro\src\i2c_master\i2c_master_byte_ctrl.v":304)
WARN  (EX2629) : Delay control is not supported for synthesis("C:\Git\TangPrimer20K_LUT-Network\mega138K_pro\src\i2c_master\i2c_master_byte_ctrl.v":312)
WARN  (EX2629) : Delay control is not supported for synthesis("C:\Git\TangPrimer20K_LUT-Network\mega138K_pro\src\i2c_master\i2c_master_byte_ctrl.v":313)
WARN  (EX2629) : Delay control is not supported for synthesis("C:\Git\TangPrimer20K_LUT-Network\mega138K_pro\src\i2c_master\i2c_master_byte_ctrl.v":317)
WARN  (EX2629) : Delay control is not supported for synthesis("C:\Git\TangPrimer20K_LUT-Network\mega138K_pro\src\i2c_master\i2c_master_byte_ctrl.v":318)
WARN  (EX2629) : Delay control is not supported for synthesis("C:\Git\TangPrimer20K_LUT-Network\mega138K_pro\src\i2c_master\i2c_master_byte_ctrl.v":321)
WARN  (EX2629) : Delay control is not supported for synthesis("C:\Git\TangPrimer20K_LUT-Network\mega138K_pro\src\i2c_master\i2c_master_byte_ctrl.v":325)
WARN  (EX2629) : Delay control is not supported for synthesis("C:\Git\TangPrimer20K_LUT-Network\mega138K_pro\src\i2c_master\i2c_master_byte_ctrl.v":327)
WARN  (EX2629) : Delay control is not supported for synthesis("C:\Git\TangPrimer20K_LUT-Network\mega138K_pro\src\i2c_master\i2c_master_byte_ctrl.v":330)
WARN  (EX2629) : Delay control is not supported for synthesis("C:\Git\TangPrimer20K_LUT-Network\mega138K_pro\src\i2c_master\i2c_master_byte_ctrl.v":335)
WARN  (EX2629) : Delay control is not supported for synthesis("C:\Git\TangPrimer20K_LUT-Network\mega138K_pro\src\i2c_master\i2c_master_byte_ctrl.v":336)
WARN  (EX2629) : Delay control is not supported for synthesis("C:\Git\TangPrimer20K_LUT-Network\mega138K_pro\src\i2c_master\i2c_master_byte_ctrl.v":339)
WARN  (EX3827) : Synthesis - simulation differences may occur when using full_case directive("C:\Git\TangPrimer20K_LUT-Network\mega138K_pro\src\i2c_master\i2c_master_byte_ctrl.v":230)
WARN  (EX1998) : Net 'i2c_read_req' does not have a driver("C:\Git\TangPrimer20K_LUT-Network\mega138K_pro\src\i2c_master\i2c_config.v":28)
Compiling module 'lut_ov5640_rgb565_480_272'("C:\Git\TangPrimer20K_LUT-Network\mega138K_pro\src\lut_ov5640_rgb565_480_272.v":1)
Compiling module 'cmos_8_16bit'("C:\Git\TangPrimer20K_LUT-Network\mega138K_pro\src\cmos_8_16bit.v":1)
WARN  (EX3791) : Expression size 11 truncated to fit in target size 10("C:\Git\TangPrimer20K_LUT-Network\mega138K_pro\src\top.v":154)
WARN  (EX3791) : Expression size 12 truncated to fit in target size 11("C:\Git\TangPrimer20K_LUT-Network\mega138K_pro\src\top.v":165)
Compiling module 'MnistLutSimple(USE_REG=0)'("C:\Git\TangPrimer20K_LUT-Network\mega138K_pro\src\MnistLutSimple.v":5)
Compiling module 'MnistLutSimple_sub0(USE_REG=0)'("C:\Git\TangPrimer20K_LUT-Network\mega138K_pro\src\MnistLutSimple.v":272)
Compiling module 'MnistLutSimple_sub0_base(USE_REG=0)'("C:\Git\TangPrimer20K_LUT-Network\mega138K_pro\src\MnistLutSimple.v":340)
Compiling module 'MnistLutSimple_sub1(USE_REG=0)'("C:\Git\TangPrimer20K_LUT-Network\mega138K_pro\src\MnistLutSimple.v":32103)
Compiling module 'MnistLutSimple_sub1_base(USE_REG=0)'("C:\Git\TangPrimer20K_LUT-Network\mega138K_pro\src\MnistLutSimple.v":32171)
Compiling module 'MnistLutSimple_sub2(USE_REG=0)'("C:\Git\TangPrimer20K_LUT-Network\mega138K_pro\src\MnistLutSimple.v":48062)
Compiling module 'MnistLutSimple_sub2_base(USE_REG=0)'("C:\Git\TangPrimer20K_LUT-Network\mega138K_pro\src\MnistLutSimple.v":48130)
Compiling module 'MnistLutSimple_sub3(USE_REG=0)'("C:\Git\TangPrimer20K_LUT-Network\mega138K_pro\src\MnistLutSimple.v":67989)
Compiling module 'MnistLutSimple_sub3_base(USE_REG=0)'("C:\Git\TangPrimer20K_LUT-Network\mega138K_pro\src\MnistLutSimple.v":68057)
Compiling module 'MnistLutSimple_sub4(USE_REG=0)'("C:\Git\TangPrimer20K_LUT-Network\mega138K_pro\src\MnistLutSimple.v":87916)
Compiling module 'MnistLutSimple_sub4_base(USE_REG=0)'("C:\Git\TangPrimer20K_LUT-Network\mega138K_pro\src\MnistLutSimple.v":87984)
Compiling module 'MnistLutSimple_sub5(USE_REG=0)'("C:\Git\TangPrimer20K_LUT-Network\mega138K_pro\src\MnistLutSimple.v":107843)
Compiling module 'MnistLutSimple_sub5_base(USE_REG=0)'("C:\Git\TangPrimer20K_LUT-Network\mega138K_pro\src\MnistLutSimple.v":107911)
Compiling module 'MnistLutSimple_sub6(USE_REG=0)'("C:\Git\TangPrimer20K_LUT-Network\mega138K_pro\src\MnistLutSimple.v":127770)
Compiling module 'MnistLutSimple_sub6_base(USE_REG=0)'("C:\Git\TangPrimer20K_LUT-Network\mega138K_pro\src\MnistLutSimple.v":127838)
Compiling module 'MnistLutSimple_sub7(USE_REG=0)'("C:\Git\TangPrimer20K_LUT-Network\mega138K_pro\src\MnistLutSimple.v":132817)
Compiling module 'MnistLutSimple_sub7_base(USE_REG=0)'("C:\Git\TangPrimer20K_LUT-Network\mega138K_pro\src\MnistLutSimple.v":132885)
Compiling module 'MnistLutSimple_sub8(USE_REG=0)'("C:\Git\TangPrimer20K_LUT-Network\mega138K_pro\src\MnistLutSimple.v":134144)
Compiling module 'MnistLutSimple_sub8_base(USE_REG=0)'("C:\Git\TangPrimer20K_LUT-Network\mega138K_pro\src\MnistLutSimple.v":134212)
Compiling module 'vga_timing'("C:\Git\TangPrimer20K_LUT-Network\mega138K_pro\src\vga_timing.v":1)
WARN  (EX3791) : Expression size 12 truncated to fit in target size 11("C:\Git\TangPrimer20K_LUT-Network\mega138K_pro\src\vga_timing.v":89)
Compiling module 'Video_Frame_Buffer_Top'("C:\Git\TangPrimer20K_LUT-Network\mega138K_pro\src\video_frame_buffer\Video_Frame_Buffer_Top.v":4966)
Compiling module '**'("C:\Git\TangPrimer20K_LUT-Network\mega138K_pro\src\video_frame_buffer\Video_Frame_Buffer_Top.v":4965)
Compiling module 'DDR3MI'("C:\Git\TangPrimer20K_LUT-Network\mega138K_pro\src\ddr3_memory_interface\DDR3MI_400M.v":28354)
Compiling module '**'("C:\Git\TangPrimer20K_LUT-Network\mega138K_pro\src\ddr3_memory_interface\DDR3MI_400M.v":28353)
WARN  (EX3670) : Actual bit length 16 differs from formal bit length 15 for port 'O_ddr_addr'("C:\Git\TangPrimer20K_LUT-Network\mega138K_pro\src\top.v":408)
WARN  (EX3791) : Expression size 13 truncated to fit in target size 12("C:\Git\TangPrimer20K_LUT-Network\mega138K_pro\src\top.v":486)
WARN  (EX3791) : Expression size 12 truncated to fit in target size 11("C:\Git\TangPrimer20K_LUT-Network\mega138K_pro\src\top.v":494)
Compiling module 'Gowin_PLL_dvi'("C:\Git\TangPrimer20K_LUT-Network\mega138K_pro\src\gowin_pll\gowin_pll_dvi.v":10)
Compiling module 'DVI_TX_Top'("C:\Git\TangPrimer20K_LUT-Network\mega138K_pro\src\dvi_tx\DVI_TX_Top.v":1089)
Compiling module '**'("C:\Git\TangPrimer20K_LUT-Network\mega138K_pro\src\dvi_tx\DVI_TX_Top.v":1088)
WARN  (EX3670) : Actual bit length 12 differs from formal bit length 8 for port 'I_rgb_r'("C:\Git\TangPrimer20K_LUT-Network\mega138K_pro\src\top.v":553)
WARN  (EX3670) : Actual bit length 11 differs from formal bit length 8 for port 'I_rgb_g'("C:\Git\TangPrimer20K_LUT-Network\mega138K_pro\src\top.v":554)
NOTE  (EX0101) : Current top module is "top"
WARN  (EX0211) : The output port "state_led[4]" of module "top" has no driver, assigning undriven bits to Z, simulation mismatch possible("C:\Git\TangPrimer20K_LUT-Network\mega138K_pro\src\top.v":36)
WARN  (EX0211) : The output port "state_led[3]" of module "top" has no driver, assigning undriven bits to Z, simulation mismatch possible("C:\Git\TangPrimer20K_LUT-Network\mega138K_pro\src\top.v":36)
WARN  (EX0211) : The output port "state_led[2]" of module "top" has no driver, assigning undriven bits to Z, simulation mismatch possible("C:\Git\TangPrimer20K_LUT-Network\mega138K_pro\src\top.v":36)
WARN  (EX0211) : The output port "state_led[1]" of module "top" has no driver, assigning undriven bits to Z, simulation mismatch possible("C:\Git\TangPrimer20K_LUT-Network\mega138K_pro\src\top.v":36)
WARN  (EX0211) : The output port "state_led[0]" of module "top" has no driver, assigning undriven bits to Z, simulation mismatch possible("C:\Git\TangPrimer20K_LUT-Network\mega138K_pro\src\top.v":36)
[5%] Running netlist conversion ...
Running device independent optimization ...
[10%] Optimizing Phase 0 completed
[15%] Optimizing Phase 1 completed
[25%] Optimizing Phase 2 completed
Running inference ...
[30%] Inferring Phase 0 completed
[40%] Inferring Phase 1 completed
[50%] Inferring Phase 2 completed
[55%] Inferring Phase 3 completed
Running technical mapping ...
[60%] Tech-Mapping Phase 0 completed
[65%] Tech-Mapping Phase 1 completed
[75%] Tech-Mapping Phase 2 completed
[80%] Tech-Mapping Phase 3 completed
[90%] Tech-Mapping Phase 4 completed
WARN  (NL0002) : The module "lut_ov5640_rgb565_480_272" instantiated to "lut_ov5640_rgb565_480_272_m0" is swept in optimizing("C:\Git\TangPrimer20K_LUT-Network\mega138K_pro\src\top.v":119)
WARN  (NL0002) : The module "MnistLutSimple_sub1" instantiated to "i_MnistLutSimple_sub1" is swept in optimizing("C:\Git\TangPrimer20K_LUT-Network\mega138K_pro\src\MnistLutSimple.v":79)
WARN  (NL0002) : The module "MnistLutSimple_sub1_base" instantiated to "i_MnistLutSimple_sub1_base" is swept in optimizing("C:\Git\TangPrimer20K_LUT-Network\mega138K_pro\src\MnistLutSimple.v":32140)
WARN  (NL0002) : The module "MnistLutSimple_sub2" instantiated to "i_MnistLutSimple_sub2" is swept in optimizing("C:\Git\TangPrimer20K_LUT-Network\mega138K_pro\src\MnistLutSimple.v":105)
WARN  (NL0002) : The module "MnistLutSimple_sub2_base" instantiated to "i_MnistLutSimple_sub2_base" is swept in optimizing("C:\Git\TangPrimer20K_LUT-Network\mega138K_pro\src\MnistLutSimple.v":48099)
WARN  (NL0002) : The module "MnistLutSimple_sub3" instantiated to "i_MnistLutSimple_sub3" is swept in optimizing("C:\Git\TangPrimer20K_LUT-Network\mega138K_pro\src\MnistLutSimple.v":131)
WARN  (NL0002) : The module "MnistLutSimple_sub3_base" instantiated to "i_MnistLutSimple_sub3_base" is swept in optimizing("C:\Git\TangPrimer20K_LUT-Network\mega138K_pro\src\MnistLutSimple.v":68026)
WARN  (NL0002) : The module "MnistLutSimple_sub6" instantiated to "i_MnistLutSimple_sub6" is swept in optimizing("C:\Git\TangPrimer20K_LUT-Network\mega138K_pro\src\MnistLutSimple.v":209)
WARN  (NL0002) : The module "MnistLutSimple_sub6_base" instantiated to "i_MnistLutSimple_sub6_base" is swept in optimizing("C:\Git\TangPrimer20K_LUT-Network\mega138K_pro\src\MnistLutSimple.v":127807)
WARN  (NL0002) : The module "MnistLutSimple_sub7" instantiated to "i_MnistLutSimple_sub7" is swept in optimizing("C:\Git\TangPrimer20K_LUT-Network\mega138K_pro\src\MnistLutSimple.v":235)
WARN  (NL0002) : The module "MnistLutSimple_sub7_base" instantiated to "i_MnistLutSimple_sub7_base" is swept in optimizing("C:\Git\TangPrimer20K_LUT-Network\mega138K_pro\src\MnistLutSimple.v":132854)
WARN  (NL0002) : The module "MnistLutSimple_sub8" instantiated to "i_MnistLutSimple_sub8" is swept in optimizing("C:\Git\TangPrimer20K_LUT-Network\mega138K_pro\src\MnistLutSimple.v":261)
WARN  (NL0002) : The module "MnistLutSimple_sub8_base" instantiated to "i_MnistLutSimple_sub8_base" is swept in optimizing("C:\Git\TangPrimer20K_LUT-Network\mega138K_pro\src\MnistLutSimple.v":134181)
[95%] Generate netlist file "C:\Git\TangPrimer20K_LUT-Network\mega138K_pro\impl\gwsynthesis\top.vg" completed
[100%] Generate report file "C:\Git\TangPrimer20K_LUT-Network\mega138K_pro\impl\gwsynthesis\top_syn.rpt.html" completed
GowinSynthesis finish
