Reading netlist file: "H:\git\TangPrimer20K_LUT-Network\4k\lutnet\impl\gwsynthesis\lutnet.vg"
Parsing netlist file "H:\git\TangPrimer20K_LUT-Network\4k\lutnet\impl\gwsynthesis\lutnet.vg" completed
Processing netlist completed
Reading constraint file: "H:\git\TangPrimer20K_LUT-Network\4k\lutnet\src\tang_nano_4k_mnist.cst"
Physical Constraint parsed completed
Running placement......
[10%] Placement Phase 0 completed
[20%] Placement Phase 1 completed
[30%] Placement Phase 2 completed
[50%] Placement Phase 3 completed
Running routing......
[60%] Routing Phase 0 completed
[70%] Routing Phase 1 completed
[80%] Routing Phase 2 completed
WARN  (PR1014) : Generic routing resource will be used to clock signal 'in_clk_d' by the specified constraint. And then it may lead to the excessive delay or skew
[90%] Routing Phase 3 completed
Running timing analysis......
[95%] Timing analysis completed
Placement and routing completed
Bitstream generation in progress......
Bitstream generation completed
Running power analysis......
[100%] Power analysis completed
Generate file "H:\git\TangPrimer20K_LUT-Network\4k\lutnet\impl\pnr\lutnet.power.html" completed
Generate file "H:\git\TangPrimer20K_LUT-Network\4k\lutnet\impl\pnr\lutnet.pin.html" completed
Generate file "H:\git\TangPrimer20K_LUT-Network\4k\lutnet\impl\pnr\lutnet.rpt.html" completed
Generate file "H:\git\TangPrimer20K_LUT-Network\4k\lutnet\impl\pnr\lutnet.rpt.txt" completed
Generate file "H:\git\TangPrimer20K_LUT-Network\4k\lutnet\impl\pnr\lutnet.tr.html" completed
Sun Oct 27 13:10:30 2024

