Reading netlist file: "E:\git\TangPrimer20K_LUT-Network\mega138K\impl\gwsynthesis\top.vg"
Parsing netlist file "E:\git\TangPrimer20K_LUT-Network\mega138K\impl\gwsynthesis\top.vg" completed
Processing netlist completed
Reading constraint file: "E:\git\TangPrimer20K_LUT-Network\mega138K\src\top.cst"
Physical Constraint parsed completed
Running placement......
[10%] Placement Phase 0 completed
[20%] Placement Phase 1 completed
[30%] Placement Phase 2 completed
WARN  (TA1118) : the clock "clk"'s frequency does not match Gowin_PLL_dvi_inst/PLL_inst's param "FCLKIN = "50""
WARN  (TA1117) : Can't calculate clocks' relationship between: "cmos_vsync" and "Gowin_PLL_inst/PLL_inst/CLKOUT1.default_gen_clk"
WARN  (TA1117) : Can't calculate clocks' relationship between: "cmos_16bit_clk" and "Gowin_PLL_dvi_inst/PLL_inst/CLKOUT1.default_gen_clk"
WARN  (TA1117) : Can't calculate clocks' relationship between: "Gowin_PLL_dvi_inst/PLL_inst/CLKOUT1.default_gen_clk" and "DDR3MI_inst/gw3_top/u_ddr_phy_top/fclkdiv/CLKOUT.default_gen_clk"
WARN  (TA1117) : Can't calculate clocks' relationship between: "DDR3MI_inst/gw3_top/u_ddr_phy_top/fclkdiv/CLKOUT.default_gen_clk" and "Gowin_PLL_dvi_inst/PLL_inst/CLKOUT1.default_gen_clk"
WARN  (TA1117) : Can't calculate clocks' relationship between: "clk" and "mem_clk"
WARN  (TA1117) : Can't calculate clocks' relationship between: "Gowin_PLL_dvi_inst/PLL_inst/CLKOUT1.default_gen_clk" and "cmos_pclk"
[50%] Placement Phase 3 completed
Running routing......
[60%] Routing Phase 0 completed
[70%] Routing Phase 1 completed
[80%] Routing Phase 2 completed
WARN  (PR1014) : Generic routing resource will be used to clock signal 'clk_d' by the specified constraint. And then it may lead to the excessive delay or skew
WARN  (PR1014) : Generic routing resource will be used to clock signal 'cmos_pclk_d' by the specified constraint. And then it may lead to the excessive delay or skew
[90%] Routing Phase 3 completed
Running timing analysis......
[95%] Timing analysis completed
Placement and routing completed
Bitstream generation in progress......
Bitstream generation completed
Generate file "E:\git\TangPrimer20K_LUT-Network\mega138K\impl\pnr\top.pin.html" completed
Generate file "E:\git\TangPrimer20K_LUT-Network\mega138K\impl\pnr\top.rpt.html" completed
Generate file "E:\git\TangPrimer20K_LUT-Network\mega138K\impl\pnr\top.rpt.txt" completed
Generate file "E:\git\TangPrimer20K_LUT-Network\mega138K\impl\pnr\top.tr.html" completed
Wed Mar 12 22:55:43 2025

